C:\USERS\RCASITA\DESKTOP\UOREGON-THESIS\HYPERGRAPHTRANSVERSAL\DEBUG\HYPERGRAPHTRANSVERSAL.EXE
C:\USERS\RCASITA\DESKTOP\UOREGON-THESIS\HYPERGRAPHTRANSVERSAL\DEBUG\HYPERGRAPHTRANSVERSAL.ILK
C:\USERS\RCASITA\DESKTOP\UOREGON-THESIS\HYPERGRAPHTRANSVERSAL\DEBUG\HYPERGRAPHTRANSVERSAL.PDB
C:\USERS\RCASITA\DESKTOP\UOREGON-THESIS\HYPERGRAPHTRANSVERSAL\HYPERGRAPHTRANSVERSAL\DEBUG\HYPERGRAPH_TRANSVERSAL.OBJ
C:\USERS\RCASITA\DESKTOP\UOREGON-THESIS\HYPERGRAPHTRANSVERSAL\HYPERGRAPHTRANSVERSAL\DEBUG\HYPERGRAPHTRANSVERSAL.EXE.EMBED.MANIFEST
C:\USERS\RCASITA\DESKTOP\UOREGON-THESIS\HYPERGRAPHTRANSVERSAL\HYPERGRAPHTRANSVERSAL\DEBUG\HYPERGRAPHTRANSVERSAL.EXE.EMBED.MANIFEST.RES
C:\USERS\RCASITA\DESKTOP\UOREGON-THESIS\HYPERGRAPHTRANSVERSAL\HYPERGRAPHTRANSVERSAL\DEBUG\HYPERGRAPHTRANSVERSAL.EXE.INTERMEDIATE.MANIFEST
C:\USERS\RCASITA\DESKTOP\UOREGON-THESIS\HYPERGRAPHTRANSVERSAL\HYPERGRAPHTRANSVERSAL\DEBUG\ODOMETER.OBJ
C:\USERS\RCASITA\DESKTOP\UOREGON-THESIS\HYPERGRAPHTRANSVERSAL\HYPERGRAPHTRANSVERSAL\DEBUG\VC100.PDB
C:\USERS\ROSCOE CASITA\DESKTOP\UOREGON-THESIS\HYPERGRAPHTRANSVERSAL\DEBUG\HYPERGRAPHTRANSVERSAL.EXE
C:\USERS\ROSCOE CASITA\DESKTOP\UOREGON-THESIS\HYPERGRAPHTRANSVERSAL\DEBUG\HYPERGRAPHTRANSVERSAL.ILK
C:\USERS\ROSCOE CASITA\DESKTOP\UOREGON-THESIS\HYPERGRAPHTRANSVERSAL\DEBUG\HYPERGRAPHTRANSVERSAL.PDB
C:\Users\Roscoe Casita\Desktop\uoregon-thesis\HypergraphTransversal\HypergraphTransversal\Debug\cl.command.1.tlog
C:\Users\Roscoe Casita\Desktop\uoregon-thesis\HypergraphTransversal\HypergraphTransversal\Debug\CL.read.1.tlog
C:\Users\Roscoe Casita\Desktop\uoregon-thesis\HypergraphTransversal\HypergraphTransversal\Debug\CL.write.1.tlog
C:\USERS\ROSCOE CASITA\DESKTOP\UOREGON-THESIS\HYPERGRAPHTRANSVERSAL\HYPERGRAPHTRANSVERSAL\DEBUG\GRAPHVIZNODEDECORATOR.OBJ
C:\USERS\ROSCOE CASITA\DESKTOP\UOREGON-THESIS\HYPERGRAPHTRANSVERSAL\HYPERGRAPHTRANSVERSAL\DEBUG\HYPERGRAPH_TRANSVERSAL.OBJ
C:\Users\Roscoe Casita\Desktop\uoregon-thesis\HypergraphTransversal\HypergraphTransversal\Debug\HypergraphTransversal.exe.embed.manifest
C:\USERS\ROSCOE CASITA\DESKTOP\UOREGON-THESIS\HYPERGRAPHTRANSVERSAL\HYPERGRAPHTRANSVERSAL\DEBUG\HYPERGRAPHTRANSVERSAL.EXE.EMBED.MANIFEST.RES
C:\USERS\ROSCOE CASITA\DESKTOP\UOREGON-THESIS\HYPERGRAPHTRANSVERSAL\HYPERGRAPHTRANSVERSAL\DEBUG\HYPERGRAPHTRANSVERSAL.EXE.INTERMEDIATE.MANIFEST
C:\Users\Roscoe Casita\Desktop\uoregon-thesis\HypergraphTransversal\HypergraphTransversal\Debug\HypergraphTransversal.vcxprojResolveAssemblyReference.cache
C:\Users\Roscoe Casita\Desktop\uoregon-thesis\HypergraphTransversal\HypergraphTransversal\Debug\HypergraphTransversal.write.1.tlog
C:\Users\Roscoe Casita\Desktop\uoregon-thesis\HypergraphTransversal\HypergraphTransversal\Debug\HypergraphTransversal_manifest.rc
C:\Users\Roscoe Casita\Desktop\uoregon-thesis\HypergraphTransversal\HypergraphTransversal\Debug\link.1048.read.1.tlog
C:\Users\Roscoe Casita\Desktop\uoregon-thesis\HypergraphTransversal\HypergraphTransversal\Debug\link.1048.write.1.tlog
C:\Users\Roscoe Casita\Desktop\uoregon-thesis\HypergraphTransversal\HypergraphTransversal\Debug\link.1048-cvtres.read.1.tlog
C:\Users\Roscoe Casita\Desktop\uoregon-thesis\HypergraphTransversal\HypergraphTransversal\Debug\link.1048-cvtres.write.1.tlog
C:\Users\Roscoe Casita\Desktop\uoregon-thesis\HypergraphTransversal\HypergraphTransversal\Debug\link.1648.read.1.tlog
C:\Users\Roscoe Casita\Desktop\uoregon-thesis\HypergraphTransversal\HypergraphTransversal\Debug\link.1648.write.1.tlog
C:\Users\Roscoe Casita\Desktop\uoregon-thesis\HypergraphTransversal\HypergraphTransversal\Debug\link.1648-cvtres.read.1.tlog
C:\Users\Roscoe Casita\Desktop\uoregon-thesis\HypergraphTransversal\HypergraphTransversal\Debug\link.1648-cvtres.write.1.tlog
C:\Users\Roscoe Casita\Desktop\uoregon-thesis\HypergraphTransversal\HypergraphTransversal\Debug\link.2236.read.1.tlog
C:\Users\Roscoe Casita\Desktop\uoregon-thesis\HypergraphTransversal\HypergraphTransversal\Debug\link.2236.write.1.tlog
C:\Users\Roscoe Casita\Desktop\uoregon-thesis\HypergraphTransversal\HypergraphTransversal\Debug\link.2236-cvtres.read.1.tlog
C:\Users\Roscoe Casita\Desktop\uoregon-thesis\HypergraphTransversal\HypergraphTransversal\Debug\link.2236-cvtres.write.1.tlog
C:\Users\Roscoe Casita\Desktop\uoregon-thesis\HypergraphTransversal\HypergraphTransversal\Debug\link.2804.read.1.tlog
C:\Users\Roscoe Casita\Desktop\uoregon-thesis\HypergraphTransversal\HypergraphTransversal\Debug\link.2804.write.1.tlog
C:\Users\Roscoe Casita\Desktop\uoregon-thesis\HypergraphTransversal\HypergraphTransversal\Debug\link.2804-cvtres.read.1.tlog
C:\Users\Roscoe Casita\Desktop\uoregon-thesis\HypergraphTransversal\HypergraphTransversal\Debug\link.2804-cvtres.write.1.tlog
C:\Users\Roscoe Casita\Desktop\uoregon-thesis\HypergraphTransversal\HypergraphTransversal\Debug\link.3452.read.1.tlog
C:\Users\Roscoe Casita\Desktop\uoregon-thesis\HypergraphTransversal\HypergraphTransversal\Debug\link.3452.write.1.tlog
C:\Users\Roscoe Casita\Desktop\uoregon-thesis\HypergraphTransversal\HypergraphTransversal\Debug\link.3452-cvtres.read.1.tlog
C:\Users\Roscoe Casita\Desktop\uoregon-thesis\HypergraphTransversal\HypergraphTransversal\Debug\link.3452-cvtres.write.1.tlog
C:\Users\Roscoe Casita\Desktop\uoregon-thesis\HypergraphTransversal\HypergraphTransversal\Debug\link.3868.read.1.tlog
C:\Users\Roscoe Casita\Desktop\uoregon-thesis\HypergraphTransversal\HypergraphTransversal\Debug\link.3868.write.1.tlog
C:\Users\Roscoe Casita\Desktop\uoregon-thesis\HypergraphTransversal\HypergraphTransversal\Debug\link.3868-cvtres.read.1.tlog
C:\Users\Roscoe Casita\Desktop\uoregon-thesis\HypergraphTransversal\HypergraphTransversal\Debug\link.3868-cvtres.write.1.tlog
C:\Users\Roscoe Casita\Desktop\uoregon-thesis\HypergraphTransversal\HypergraphTransversal\Debug\link.4344.read.1.tlog
C:\Users\Roscoe Casita\Desktop\uoregon-thesis\HypergraphTransversal\HypergraphTransversal\Debug\link.4344.write.1.tlog
C:\Users\Roscoe Casita\Desktop\uoregon-thesis\HypergraphTransversal\HypergraphTransversal\Debug\link.4344-cvtres.read.1.tlog
C:\Users\Roscoe Casita\Desktop\uoregon-thesis\HypergraphTransversal\HypergraphTransversal\Debug\link.4344-cvtres.write.1.tlog
C:\Users\Roscoe Casita\Desktop\uoregon-thesis\HypergraphTransversal\HypergraphTransversal\Debug\link.4636.read.1.tlog
C:\Users\Roscoe Casita\Desktop\uoregon-thesis\HypergraphTransversal\HypergraphTransversal\Debug\link.4636.write.1.tlog
C:\Users\Roscoe Casita\Desktop\uoregon-thesis\HypergraphTransversal\HypergraphTransversal\Debug\link.4636-cvtres.read.1.tlog
C:\Users\Roscoe Casita\Desktop\uoregon-thesis\HypergraphTransversal\HypergraphTransversal\Debug\link.4636-cvtres.write.1.tlog
C:\Users\Roscoe Casita\Desktop\uoregon-thesis\HypergraphTransversal\HypergraphTransversal\Debug\link.4824.read.1.tlog
C:\Users\Roscoe Casita\Desktop\uoregon-thesis\HypergraphTransversal\HypergraphTransversal\Debug\link.4824.write.1.tlog
C:\Users\Roscoe Casita\Desktop\uoregon-thesis\HypergraphTransversal\HypergraphTransversal\Debug\link.4824-cvtres.read.1.tlog
C:\Users\Roscoe Casita\Desktop\uoregon-thesis\HypergraphTransversal\HypergraphTransversal\Debug\link.4824-cvtres.write.1.tlog
C:\Users\Roscoe Casita\Desktop\uoregon-thesis\HypergraphTransversal\HypergraphTransversal\Debug\link.4940.read.1.tlog
C:\Users\Roscoe Casita\Desktop\uoregon-thesis\HypergraphTransversal\HypergraphTransversal\Debug\link.4940.write.1.tlog
C:\Users\Roscoe Casita\Desktop\uoregon-thesis\HypergraphTransversal\HypergraphTransversal\Debug\link.4940-cvtres.read.1.tlog
C:\Users\Roscoe Casita\Desktop\uoregon-thesis\HypergraphTransversal\HypergraphTransversal\Debug\link.4940-cvtres.write.1.tlog
C:\Users\Roscoe Casita\Desktop\uoregon-thesis\HypergraphTransversal\HypergraphTransversal\Debug\link.command.1.tlog
C:\Users\Roscoe Casita\Desktop\uoregon-thesis\HypergraphTransversal\HypergraphTransversal\Debug\link.read.1.tlog
C:\Users\Roscoe Casita\Desktop\uoregon-thesis\HypergraphTransversal\HypergraphTransversal\Debug\link.write.1.tlog
C:\Users\Roscoe Casita\Desktop\uoregon-thesis\HypergraphTransversal\HypergraphTransversal\Debug\link-cvtres.read.1.tlog
C:\Users\Roscoe Casita\Desktop\uoregon-thesis\HypergraphTransversal\HypergraphTransversal\Debug\link-cvtres.write.1.tlog
C:\Users\Roscoe Casita\Desktop\uoregon-thesis\HypergraphTransversal\HypergraphTransversal\Debug\mt.command.1.tlog
C:\Users\Roscoe Casita\Desktop\uoregon-thesis\HypergraphTransversal\HypergraphTransversal\Debug\mt.read.1.tlog
C:\Users\Roscoe Casita\Desktop\uoregon-thesis\HypergraphTransversal\HypergraphTransversal\Debug\mt.write.1.tlog
C:\USERS\ROSCOE CASITA\DESKTOP\UOREGON-THESIS\HYPERGRAPHTRANSVERSAL\HYPERGRAPHTRANSVERSAL\DEBUG\ODOMETER.OBJ
C:\Users\Roscoe Casita\Desktop\uoregon-thesis\HypergraphTransversal\HypergraphTransversal\Debug\rc.command.1.tlog
C:\Users\Roscoe Casita\Desktop\uoregon-thesis\HypergraphTransversal\HypergraphTransversal\Debug\rc.read.1.tlog
C:\Users\Roscoe Casita\Desktop\uoregon-thesis\HypergraphTransversal\HypergraphTransversal\Debug\rc.write.1.tlog
C:\Users\Roscoe Casita\Desktop\uoregon-thesis\HypergraphTransversal\HypergraphTransversal\Debug\vc100.idb
C:\USERS\ROSCOE CASITA\DESKTOP\UOREGON-THESIS\HYPERGRAPHTRANSVERSAL\HYPERGRAPHTRANSVERSAL\DEBUG\VC100.PDB
