Build started 5/27/2017 1:31:56 PM.
     1>Project "C:\Users\Roscoe Casita\Desktop\uoregon-thesis\HypergraphTransversal\HypergraphTransversal\HypergraphTransversal.vcxproj" on node 2 (rebuild target(s)).
     1>_PrepareForClean:
         Deleting file "Debug\HypergraphTransversal.lastbuildstate".
       InitializeBuildStatus:
         Creating "Debug\HypergraphTransversal.unsuccessfulbuild" because "AlwaysCreate" was specified.
       ClCompile:
         C:\Program Files (x86)\Microsoft Visual Studio 10.0\VC\bin\CL.exe /c /ZI /nologo /W3 /WX- /Od /Oy- /D WIN32 /D _DEBUG /D _CONSOLE /D _UNICODE /D UNICODE /Gm /EHsc /RTC1 /MDd /GS /fp:precise /Zc:wchar_t /Zc:forScope /Fo"Debug\\" /Fd"Debug\vc100.pdb" /Gd /TP /analyze- /errorReport:prompt GraphVizNodeDecorator.cpp hypergraph_transversal.cpp Odometer.cpp
         Odometer.cpp
         hypergraph_transversal.cpp
         GraphVizNodeDecorator.cpp
         Generating Code...
       ManifestResourceCompile:
         C:\Program Files (x86)\Microsoft SDKs\Windows\v7.0A\bin\rc.exe /nologo /fo"Debug\HypergraphTransversal.exe.embed.manifest.res" Debug\HypergraphTransversal_manifest.rc 
       Link:
         C:\Program Files (x86)\Microsoft Visual Studio 10.0\VC\bin\link.exe /ERRORREPORT:PROMPT /OUT:"C:\Users\Roscoe Casita\Desktop\uoregon-thesis\HypergraphTransversal\Debug\HypergraphTransversal.exe" /INCREMENTAL /NOLOGO kernel32.lib user32.lib gdi32.lib winspool.lib comdlg32.lib advapi32.lib shell32.lib ole32.lib oleaut32.lib uuid.lib odbc32.lib odbccp32.lib /MANIFEST /ManifestFile:"Debug\HypergraphTransversal.exe.intermediate.manifest" /MANIFESTUAC:"level='asInvoker' uiAccess='false'" /DEBUG /PDB:"C:\Users\Roscoe Casita\Desktop\uoregon-thesis\HypergraphTransversal\Debug\HypergraphTransversal.pdb" /SUBSYSTEM:CONSOLE /TLBID:1 /DYNAMICBASE /NXCOMPAT /IMPLIB:"C:\Users\Roscoe Casita\Desktop\uoregon-thesis\HypergraphTransversal\Debug\HypergraphTransversal.lib" /MACHINE:X86 Debug\HypergraphTransversal.exe.embed.manifest.res
         Debug\GraphVizNodeDecorator.obj
         Debug\hypergraph_transversal.obj
         Debug\Odometer.obj
       Manifest:
         Deleting file "Debug\HypergraphTransversal.exe.embed.manifest".
         C:\Program Files (x86)\Microsoft SDKs\Windows\v7.0A\bin\mt.exe /nologo /verbose /out:"Debug\HypergraphTransversal.exe.embed.manifest" /manifest Debug\HypergraphTransversal.exe.intermediate.manifest
         C:\Program Files (x86)\Microsoft SDKs\Windows\v7.0A\bin\rc.exe /nologo /fo"Debug\HypergraphTransversal.exe.embed.manifest.res" Debug\HypergraphTransversal_manifest.rc 
       LinkEmbedManifest:
         C:\Program Files (x86)\Microsoft Visual Studio 10.0\VC\bin\link.exe /ERRORREPORT:PROMPT /OUT:"C:\Users\Roscoe Casita\Desktop\uoregon-thesis\HypergraphTransversal\Debug\HypergraphTransversal.exe" /INCREMENTAL /NOLOGO kernel32.lib user32.lib gdi32.lib winspool.lib comdlg32.lib advapi32.lib shell32.lib ole32.lib oleaut32.lib uuid.lib odbc32.lib odbccp32.lib /MANIFEST /ManifestFile:"Debug\HypergraphTransversal.exe.intermediate.manifest" /MANIFESTUAC:"level='asInvoker' uiAccess='false'" /DEBUG /PDB:"C:\Users\Roscoe Casita\Desktop\uoregon-thesis\HypergraphTransversal\Debug\HypergraphTransversal.pdb" /SUBSYSTEM:CONSOLE /TLBID:1 /DYNAMICBASE /NXCOMPAT /IMPLIB:"C:\Users\Roscoe Casita\Desktop\uoregon-thesis\HypergraphTransversal\Debug\HypergraphTransversal.lib" /MACHINE:X86 Debug\HypergraphTransversal.exe.embed.manifest.res
         Debug\GraphVizNodeDecorator.obj
         Debug\hypergraph_transversal.obj
         Debug\Odometer.obj
         HypergraphTransversal.vcxproj -> C:\Users\Roscoe Casita\Desktop\uoregon-thesis\HypergraphTransversal\Debug\HypergraphTransversal.exe
       FinalizeBuildStatus:
         Deleting file "Debug\HypergraphTransversal.unsuccessfulbuild".
         Touching "Debug\HypergraphTransversal.lastbuildstate".
     1>Done Building Project "C:\Users\Roscoe Casita\Desktop\uoregon-thesis\HypergraphTransversal\HypergraphTransversal\HypergraphTransversal.vcxproj" (rebuild target(s)).

Build succeeded.

Time Elapsed 00:00:07.24
